c:\users\devsystem\documents\github\1st-year-comp-sci-project\space shooter sfml\debug\vc140.pdb
c:\users\devsystem\documents\github\1st-year-comp-sci-project\space shooter sfml\debug\vc140.idb
c:\users\devsystem\documents\github\1st-year-comp-sci-project\space shooter sfml\debug\enemy.obj
c:\users\devsystem\documents\github\1st-year-comp-sci-project\space shooter sfml\debug\entity.obj
c:\users\devsystem\documents\github\1st-year-comp-sci-project\space shooter sfml\debug\gamerun.obj
c:\users\devsystem\documents\github\1st-year-comp-sci-project\space shooter sfml\debug\hud.obj
c:\users\devsystem\documents\github\1st-year-comp-sci-project\space shooter sfml\debug\main.obj
c:\users\devsystem\documents\github\1st-year-comp-sci-project\space shooter sfml\debug\particles.obj
c:\users\devsystem\documents\github\1st-year-comp-sci-project\space shooter sfml\debug\pickup.obj
c:\users\devsystem\documents\github\1st-year-comp-sci-project\space shooter sfml\debug\player.obj
c:\users\devsystem\documents\github\1st-year-comp-sci-project\space shooter sfml\debug\projectile.obj
c:\users\devsystem\documents\github\1st-year-comp-sci-project\space shooter sfml\debug\random.obj
c:\users\devsystem\documents\github\1st-year-comp-sci-project\space shooter sfml\debug\textdisplay.obj
c:\users\devsystem\documents\github\1st-year-comp-sci-project\debug\space shooter sfml.ilk
c:\users\devsystem\documents\github\1st-year-comp-sci-project\debug\space shooter sfml.exe
c:\users\devsystem\documents\github\1st-year-comp-sci-project\debug\space shooter sfml.pdb
c:\users\devsystem\documents\github\1st-year-comp-sci-project\space shooter sfml\debug\space sh.8a8e7f94.tlog\cl.command.1.tlog
c:\users\devsystem\documents\github\1st-year-comp-sci-project\space shooter sfml\debug\space sh.8a8e7f94.tlog\cl.read.1.tlog
c:\users\devsystem\documents\github\1st-year-comp-sci-project\space shooter sfml\debug\space sh.8a8e7f94.tlog\cl.write.1.tlog
c:\users\devsystem\documents\github\1st-year-comp-sci-project\space shooter sfml\debug\space sh.8a8e7f94.tlog\link.command.1.tlog
c:\users\devsystem\documents\github\1st-year-comp-sci-project\space shooter sfml\debug\space sh.8a8e7f94.tlog\link.read.1.tlog
c:\users\devsystem\documents\github\1st-year-comp-sci-project\space shooter sfml\debug\space sh.8a8e7f94.tlog\link.write.1.tlog
