Build started 3/21/2017 2:23:02 PM.
     1>Project "C:\Users\DevSystem\Documents\GitHub\1st-Year-Comp-SCI-Project\Space Shooter SFML\Space Shooter SFML.vcxproj" on node 2 (Build target(s)).
     1>ClCompile:
         C:\Program Files (x86)\Microsoft Visual Studio 14.0\VC\bin\x86_amd64\CL.exe /c /I"C:\Users\DevSystem\Documents\GitHub\1st-Year-Comp-SCI-Project\SFML-2.4.0\lib" /I"C:\Users\DevSystem\Documents\GitHub\1st-Year-Comp-SCI-Project\Thor-2.0\lib" /ZI /nologo /W3 /WX- /sdl /Od /D _MBCS /Gm /EHsc /RTC1 /MDd /GS /fp:precise /Zc:wchar_t /Zc:forScope /Zc:inline /Fo"x64\Debug\\" /Fd"x64\Debug\vc140.pdb" /Gd /TP /errorReport:prompt enemy.cpp entity.cpp Gamerun.cpp hud.cpp Main.cpp Particles.cpp pickup.cpp player.cpp projectile.cpp random.cpp textDisplay.cpp
         textDisplay.cpp
     1>c:\users\devsystem\documents\github\1st-year-comp-sci-project\space shooter sfml\entity.h(14): fatal error C1083: Cannot open include file: 'SFML\Main.hpp': No such file or directory
         random.cpp
     1>c:\users\devsystem\documents\github\1st-year-comp-sci-project\space shooter sfml\random.h(16): fatal error C1083: Cannot open include file: 'SFML\Main.hpp': No such file or directory
         projectile.cpp
     1>c:\users\devsystem\documents\github\1st-year-comp-sci-project\space shooter sfml\entity.h(14): fatal error C1083: Cannot open include file: 'SFML\Main.hpp': No such file or directory
         player.cpp
     1>c:\users\devsystem\documents\github\1st-year-comp-sci-project\space shooter sfml\entity.h(14): fatal error C1083: Cannot open include file: 'SFML\Main.hpp': No such file or directory
         pickup.cpp
     1>c:\users\devsystem\documents\github\1st-year-comp-sci-project\space shooter sfml\entity.h(14): fatal error C1083: Cannot open include file: 'SFML\Main.hpp': No such file or directory
         Particles.cpp
     1>c:\users\devsystem\documents\github\1st-year-comp-sci-project\space shooter sfml\particles.h(16): fatal error C1083: Cannot open include file: 'Thor/Particles.hpp': No such file or directory
         Main.cpp
     1>c:\users\devsystem\documents\github\1st-year-comp-sci-project\space shooter sfml\gamerun.h(15): fatal error C1083: Cannot open include file: 'SFML/Graphics.hpp': No such file or directory
         hud.cpp
     1>c:\users\devsystem\documents\github\1st-year-comp-sci-project\space shooter sfml\entity.h(14): fatal error C1083: Cannot open include file: 'SFML\Main.hpp': No such file or directory
         Gamerun.cpp
     1>c:\users\devsystem\documents\github\1st-year-comp-sci-project\space shooter sfml\gamerun.h(15): fatal error C1083: Cannot open include file: 'SFML/Graphics.hpp': No such file or directory
         entity.cpp
     1>c:\users\devsystem\documents\github\1st-year-comp-sci-project\space shooter sfml\entity.h(14): fatal error C1083: Cannot open include file: 'SFML\Main.hpp': No such file or directory
         enemy.cpp
     1>c:\users\devsystem\documents\github\1st-year-comp-sci-project\space shooter sfml\entity.h(14): fatal error C1083: Cannot open include file: 'SFML\Main.hpp': No such file or directory
         Generating Code...
     1>Done Building Project "C:\Users\DevSystem\Documents\GitHub\1st-Year-Comp-SCI-Project\Space Shooter SFML\Space Shooter SFML.vcxproj" (Build target(s)) -- FAILED.

Build FAILED.

Time Elapsed 00:00:24.29
