c:\users\almcb\documents\github\1st-year-comp-sci-project\space shooter sfml\release\vc140.pdb
c:\users\almcb\documents\github\1st-year-comp-sci-project\space shooter sfml\release\textdisplay.obj
c:\users\almcb\documents\github\1st-year-comp-sci-project\space shooter sfml\release\random.obj
c:\users\almcb\documents\github\1st-year-comp-sci-project\space shooter sfml\release\projectile.obj
c:\users\almcb\documents\github\1st-year-comp-sci-project\space shooter sfml\release\player.obj
c:\users\almcb\documents\github\1st-year-comp-sci-project\space shooter sfml\release\pickup.obj
c:\users\almcb\documents\github\1st-year-comp-sci-project\space shooter sfml\release\particles.obj
c:\users\almcb\documents\github\1st-year-comp-sci-project\space shooter sfml\release\main.obj
c:\users\almcb\documents\github\1st-year-comp-sci-project\space shooter sfml\release\hud.obj
c:\users\almcb\documents\github\1st-year-comp-sci-project\space shooter sfml\release\gamerun.obj
c:\users\almcb\documents\github\1st-year-comp-sci-project\space shooter sfml\release\entity.obj
c:\users\almcb\documents\github\1st-year-comp-sci-project\space shooter sfml\release\enemy.obj
c:\users\devsystem\documents\github\1st-year-comp-sci-project\space shooter sfml\release\vc140.pdb
c:\users\devsystem\documents\github\1st-year-comp-sci-project\space shooter sfml\release\textdisplay.obj
c:\users\devsystem\documents\github\1st-year-comp-sci-project\space shooter sfml\release\random.obj
c:\users\devsystem\documents\github\1st-year-comp-sci-project\space shooter sfml\release\projectile.obj
c:\users\devsystem\documents\github\1st-year-comp-sci-project\space shooter sfml\release\player.obj
c:\users\devsystem\documents\github\1st-year-comp-sci-project\space shooter sfml\release\pickup.obj
c:\users\devsystem\documents\github\1st-year-comp-sci-project\space shooter sfml\release\particles.obj
c:\users\devsystem\documents\github\1st-year-comp-sci-project\space shooter sfml\release\main.obj
c:\users\devsystem\documents\github\1st-year-comp-sci-project\space shooter sfml\release\hud.obj
c:\users\devsystem\documents\github\1st-year-comp-sci-project\space shooter sfml\release\gamerun.obj
c:\users\devsystem\documents\github\1st-year-comp-sci-project\space shooter sfml\release\entity.obj
c:\users\devsystem\documents\github\1st-year-comp-sci-project\space shooter sfml\release\enemy.obj
c:\users\almcb\documents\github\1st-year-comp-sci-project\release\space shooter sfml.exe
c:\users\almcb\documents\github\1st-year-comp-sci-project\release\space shooter sfml.ipdb
c:\users\almcb\documents\github\1st-year-comp-sci-project\release\space shooter sfml.iobj
c:\users\almcb\documents\github\1st-year-comp-sci-project\release\space shooter sfml.pdb
c:\users\devsystem\documents\github\1st-year-comp-sci-project\release\space shooter sfml.exe
c:\users\devsystem\documents\github\1st-year-comp-sci-project\release\space shooter sfml.ipdb
c:\users\devsystem\documents\github\1st-year-comp-sci-project\release\space shooter sfml.iobj
c:\users\devsystem\documents\github\1st-year-comp-sci-project\release\space shooter sfml.pdb
c:\users\devsystem\documents\github\1st-year-comp-sci-project\space shooter sfml\release\space sh.8a8e7f94.tlog\cl.command.1.tlog
c:\users\devsystem\documents\github\1st-year-comp-sci-project\space shooter sfml\release\space sh.8a8e7f94.tlog\cl.read.1.tlog
c:\users\devsystem\documents\github\1st-year-comp-sci-project\space shooter sfml\release\space sh.8a8e7f94.tlog\cl.write.1.tlog
c:\users\devsystem\documents\github\1st-year-comp-sci-project\space shooter sfml\release\space sh.8a8e7f94.tlog\link.command.1.tlog
c:\users\devsystem\documents\github\1st-year-comp-sci-project\space shooter sfml\release\space sh.8a8e7f94.tlog\link.read.1.tlog
c:\users\devsystem\documents\github\1st-year-comp-sci-project\space shooter sfml\release\space sh.8a8e7f94.tlog\link.write.1.tlog
